DIRECT SOUND SAMPLES - 04/06/2021

LPC:  26880 |BTL:  40320 |TC :  46080 |BTW:   5760 - PC:  26880 |WC :  32640 |DELTA  :   5760bytes |LATENCY: 0.0300sec
LPC:  32640 |BTL:  46080 |TC :  51840 |BTW:   5760 - PC:  34560 |WC :  40320 |DELTA  :   5760bytes |LATENCY: 0.0300sec
LPC:  40320 |BTL:  51840 |TC :  59520 |BTW:   7680 - PC:  40320 |WC :  46080 |DELTA  :   5760bytes |LATENCY: 0.0300sec
LPC:  46080 |BTL:  59520 |TC :  65280 |BTW:   5760 - PC:  46080 |WC :  51840 |DELTA  :   5760bytes |LATENCY: 0.0300sec
LPC:  51840 |BTL:  65280 |TC :  71040 |BTW:   5760 - PC:  53760 |WC :  59520 |DELTA  :   5760bytes |LATENCY: 0.0300sec
LPC:  59520 |BTL:  71040 |TC :  78720 |BTW:   7680 - PC:  59520 |WC :  65280 |DELTA  :   5760bytes |LATENCY: 0.0300sec
LPC:  65280 |BTL:  78720 |TC :  84480 |BTW:   5760 - PC:  65280 |WC :  71040 |DELTA  :   5760bytes |LATENCY: 0.0300sec
LPC:  71040 |BTL:  84480 |TC :  90240 |BTW:   5760 - PC:  72960 |WC :  78720 |DELTA  :   5760bytes |LATENCY: 0.0300sec
LPC:  78720 |BTL:  90240 |TC :  97920 |BTW:   7680 - PC:  78720 |WC :  84480 |DELTA  :   5760bytes |LATENCY: 0.0300sec
LPC:  84480 |BTL:  97920 |TC : 103680 |BTW:   5760 - PC:  84480 |WC :  90240 |DELTA  :   5760bytes |LATENCY: 0.0300sec
LPC:  90240 |BTL: 103680 |TC : 109440 |BTW:   5760 - PC:  92160 |WC :  97920 |DELTA  :   5760bytes |LATENCY: 0.0300sec
LPC:  97920 |BTL: 109440 |TC : 117120 |BTW:   7680 - PC:  97920 |WC : 103680 |DELTA  :   5760bytes |LATENCY: 0.0300sec
LPC: 103680 |BTL: 117120 |TC : 122880 |BTW:   5760 - PC: 103680 |WC : 109440 |DELTA  :   5760bytes |LATENCY: 0.0300sec
LPC: 109440 |BTL: 122880 |TC : 128640 |BTW:   5760 - PC: 111360 |WC : 117120 |DELTA  :   5760bytes |LATENCY: 0.0300sec
LPC: 117120 |BTL: 128640 |TC : 136320 |BTW:   7680 - PC: 117120 |WC : 122880 |DELTA  :   5760bytes |LATENCY: 0.0300sec
LPC: 122880 |BTL: 136320 |TC : 142080 |BTW:   5760 - PC: 122880 |WC : 128640 |DELTA  :   5760bytes |LATENCY: 0.0300sec
LPC: 128640 |BTL: 142080 |TC : 147840 |BTW:   5760 - PC: 130560 |WC : 136320 |DELTA  :   5760bytes |LATENCY: 0.0300sec
LPC: 136320 |BTL: 147840 |TC : 155520 |BTW:   7680 - PC: 136320 |WC : 142080 |DELTA  :   5760bytes |LATENCY: 0.0300sec
LPC: 142080 |BTL: 155520 |TC : 161280 |BTW:   5760 - PC: 142080 |WC : 147840 |DELTA  :   5760bytes |LATENCY: 0.0300sec
LPC: 147840 |BTL: 161280 |TC : 167040 |BTW:   5760 - PC: 149760 |WC : 155520 |DELTA  :   5760bytes |LATENCY: 0.0300sec
LPC: 155520 |BTL: 167040 |TC : 174720 |BTW:   7680 - PC: 155520 |WC : 161280 |DELTA  :   5760bytes |LATENCY: 0.0300sec
LPC: 161280 |BTL: 174720 |TC : 180480 |BTW:   5760 - PC: 161280 |WC : 167040 |DELTA  :   5760bytes |LATENCY: 0.0300sec
LPC: 167040 |BTL: 180480 |TC : 186240 |BTW:   5760 - PC: 168960 |WC : 174720 |DELTA  :   5760bytes |LATENCY: 0.0300sec
LPC: 174720 |BTL: 186240 |TC :   1920 |BTW:   7680 - PC: 174720 |WC : 180480 |DELTA  :   5760bytes |LATENCY: 0.0300sec
LPC: 180480 |BTL:   1920 |TC :   7680 |BTW:   5760 - PC: 182400 |WC : 188160 |DELTA  :   5760bytes |LATENCY: 0.0300sec
LPC: 186240 |BTL:   7680 |TC :  13440 |BTW:   5760 - PC: 188160 |WC :   1920 |DELTA  :   5760bytes |LATENCY: 0.0300sec
LPC:   1920 |BTL:  13440 |TC :  21120 |BTW:   7680 - PC:   1920 |WC :   7680 |DELTA  :   5760bytes |LATENCY: 0.0300sec
LPC:   7680 |BTL:  21120 |TC :  26880 |BTW:   5760 - PC:   9600 |WC :  15360 |DELTA  :   5760bytes |LATENCY: 0.0300sec
LPC:  13440 |BTL:  26880 |TC :  32640 |BTW:   5760 - PC:  15360 |WC :  21120 |DELTA  :   5760bytes |LATENCY: 0.0300sec
LPC:  21120 |BTL:  32640 |TC :  40320 |BTW:   7680 - PC:  21120 |WC :  26880 |DELTA  :   5760bytes |LATENCY: 0.0300sec
LPC:  26880 |BTL:  40320 |TC :  46080 |BTW:   5760 - PC:  26880 |WC :  32640 |DELTA  :   5760bytes |LATENCY: 0.0300sec
LPC:  32640 |BTL:  46080 |TC :  51840 |BTW:   5760 - PC:  34560 |WC :  40320 |DELTA  :   5760bytes |LATENCY: 0.0300sec
LPC:  40320 |BTL:  51840 |TC :  59520 |BTW:   7680 - PC:  40320 |WC :  46080 |DELTA  :   5760bytes |LATENCY: 0.0300sec
LPC:  46080 |BTL:  59520 |TC :  65280 |BTW:   5760 - PC:  46080 |WC :  51840 |DELTA  :   5760bytes |LATENCY: 0.0300sec
LPC:  51840 |BTL:  65280 |TC :  71040 |BTW:   5760 - PC:  53760 |WC :  59520 |DELTA  :   5760bytes |LATENCY: 0.0300sec
LPC:  59520 |BTL:  71040 |TC :  78720 |BTW:   7680 - PC:  59520 |WC :  65280 |DELTA  :   5760bytes |LATENCY: 0.0300sec
LPC:  65280 |BTL:  78720 |TC :  84480 |BTW:   5760 - PC:  65280 |WC :  71040 |DELTA  :   5760bytes |LATENCY: 0.0300sec
LPC:  71040 |BTL:  84480 |TC :  90240 |BTW:   5760 - PC:  72960 |WC :  78720 |DELTA  :   5760bytes |LATENCY: 0.0300sec
LPC:  78720 |BTL:  90240 |TC :  97920 |BTW:   7680 - PC:  78720 |WC :  84480 |DELTA  :   5760bytes |LATENCY: 0.0300sec
LPC:  84480 |BTL:  97920 |TC : 103680 |BTW:   5760 - PC:  84480 |WC :  90240 |DELTA  :   5760bytes |LATENCY: 0.0300sec
LPC:  90240 |BTL: 103680 |TC : 109440 |BTW:   5760 - PC:  92160 |WC :  97920 |DELTA  :   5760bytes |LATENCY: 0.0300sec
LPC:  97920 |BTL: 109440 |TC : 117120 |BTW:   7680 - PC:  97920 |WC : 103680 |DELTA  :   5760bytes |LATENCY: 0.0300sec
LPC: 103680 |BTL: 117120 |TC : 122880 |BTW:   5760 - PC: 105600 |WC : 111360 |DELTA  :   5760bytes |LATENCY: 0.0300sec
LPC: 109440 |BTL: 122880 |TC : 128640 |BTW:   5760 - PC: 111360 |WC : 117120 |DELTA  :   5760bytes |LATENCY: 0.0300sec
LPC: 117120 |BTL: 128640 |TC : 136320 |BTW:   7680 - PC: 117120 |WC : 122880 |DELTA  :   5760bytes |LATENCY: 0.0300sec
LPC: 122880 |BTL: 136320 |TC : 142080 |BTW:   5760 - PC: 124800 |WC : 130560 |DELTA  :   5760bytes |LATENCY: 0.0300sec
LPC: 128640 |BTL: 142080 |TC : 147840 |BTW:   5760 - PC: 130560 |WC : 136320 |DELTA  :   5760bytes |LATENCY: 0.0300sec
LPC: 136320 |BTL: 147840 |TC : 155520 |BTW:   7680 - PC: 136320 |WC : 142080 |DELTA  :   5760bytes |LATENCY: 0.0300sec
LPC: 142080 |BTL: 155520 |TC : 161280 |BTW:   5760 - PC: 144000 |WC : 149760 |DELTA  :   5760bytes |LATENCY: 0.0300sec
LPC: 149760 |BTL: 161280 |TC : 168960 |BTW:   7680 - PC: 149760 |WC : 155520 |DELTA  :   5760bytes |LATENCY: 0.0300sec
LPC: 155520 |BTL: 168960 |TC : 174720 |BTW:   5760 - PC: 155520 |WC : 161280 |DELTA  :   5760bytes |LATENCY: 0.0300sec
LPC: 161280 |BTL: 174720 |TC : 180480 |BTW:   5760 - PC: 163200 |WC : 168960 |DELTA  :   5760bytes |LATENCY: 0.0300sec
LPC: 168960 |BTL: 180480 |TC : 188160 |BTW:   7680 - PC: 168960 |WC : 174720 |DELTA  :   5760bytes |LATENCY: 0.0300sec
LPC: 174720 |BTL: 188160 |TC :   1920 |BTW:   5760 - PC: 174720 |WC : 180480 |DELTA  :   5760bytes |LATENCY: 0.0300sec
LPC: 180480 |BTL:   1920 |TC :   7680 |BTW:   5760 - PC: 182400 |WC : 188160 |DELTA  :   5760bytes |LATENCY: 0.0300sec
LPC: 188160 |BTL:   7680 |TC :  15360 |BTW:   7680 - PC: 188160 |WC :   1920 |DELTA  :   5760bytes |LATENCY: 0.0300sec
LPC:   1920 |BTL:  15360 |TC :  21120 |BTW:   5760 - PC:   1920 |WC :   7680 |DELTA  :   5760bytes |LATENCY: 0.0300sec
LPC:   7680 |BTL:  21120 |TC :  26880 |BTW:   5760 - PC:   9600 |WC :  15360 |DELTA  :   5760bytes |LATENCY: 0.0300sec
LPC:  15360 |BTL:  26880 |TC :